2023-02-07 13:02:618 INFO  LoginPage :67 - click On clickOn OrangeHRMlogoProxy element for: DefaultElementLocator 'By.xpath: //div[@class='oxd-brand-banner']/img'
2023-02-07 14:02:107 INFO  LoginPage :87 - click On AddminButton[[ChromeDriver: chrome on WINDOWS (f26274fded086780576c56605a6c8be8)] -> xpath: //ul[@class='oxd-main-menu']/li[1]/a[1]/span]
2023-02-07 14:02:790 INFO  LoginPage :78 - click On clickOn AddButtonProxy element for: DefaultElementLocator 'By.xpath: //button[@class='oxd-button oxd-button--medium oxd-button--secondary']'
2023-02-07 14:02:990 INFO  LoginPage :43 - click On clickOnPIM[[ChromeDriver: chrome on WINDOWS (f26274fded086780576c56605a6c8be8)] -> xpath: //div[@class='oxd-form-row']/div[1]/div[1]/div[1]/div[2]/div[1]/div[1]/div[2]/i[1]]
2023-02-07 14:02:105 INFO  LoginPage :48 - click On EmployeeName[[ChromeDriver: chrome on WINDOWS (f26274fded086780576c56605a6c8be8)] -> xpath: //input[@placeholder='Type for hints...']]
2023-02-07 14:02:205 INFO  LoginPage :53 - click On Username[[ChromeDriver: chrome on WINDOWS (f26274fded086780576c56605a6c8be8)] -> xpath: //div[@class='orangehrm-card-container']/form/div[1]/div/div[4]]
2023-02-07 14:02:305 INFO  LoginPage :58 - click On Password[[ChromeDriver: chrome on WINDOWS (f26274fded086780576c56605a6c8be8)] -> xpath: //div[@class='orangehrm-card-container']/form/div[2]/div/div[1]]
2023-02-07 14:02:371 INFO  LoginPage :58 - click On Password[[ChromeDriver: chrome on WINDOWS (f26274fded086780576c56605a6c8be8)] -> xpath: //div[@class='orangehrm-card-container']/form/div[2]/div/div[1]]
2023-02-07 14:02:537 INFO  LoginPage :68 - click On SaveButton[[ChromeDriver: chrome on WINDOWS (f26274fded086780576c56605a6c8be8)] -> xpath: //div[@class='orangehrm-card-container']/form/div[3]/button[2]]
2023-02-07 17:02:447 INFO  LoginPage :87 - click On AddminButton[[ChromeDriver: chrome on WINDOWS (b35daeb4ecefa4587a87eb7b1339d7f8)] -> xpath: //ul[@class='oxd-main-menu']/li[1]/a[1]/span]
2023-02-07 17:02:649 INFO  LoginPage :47 - click On clickOn UsernameField[[ChromeDriver: chrome on WINDOWS (b35daeb4ecefa4587a87eb7b1339d7f8)] -> xpath: //div[@class='oxd-form-row']/div/div[1]]
2023-02-07 17:02:800 INFO  LoginPage :53 - click On clickOn UserRollDropDown[[ChromeDriver: chrome on WINDOWS (b35daeb4ecefa4587a87eb7b1339d7f8)] -> xpath: //div[@class='oxd-form-row']/div[1]/div[2]/div/div[2]]
2023-02-07 17:02:548 INFO  LoginPage :87 - click On AddminButton[[ChromeDriver: chrome on WINDOWS (3d3503416e614d1dadccaed5abf31257)] -> xpath: //ul[@class='oxd-main-menu']/li[1]/a[1]/span]
2023-02-07 17:02:719 INFO  LoginPage :47 - click On clickOn UsernameField[[ChromeDriver: chrome on WINDOWS (3d3503416e614d1dadccaed5abf31257)] -> xpath: //div[@class='oxd-form-row']/div/div[1]]
2023-02-07 17:02:913 INFO  LoginPage :53 - click On clickOn UserRollDropDown[[ChromeDriver: chrome on WINDOWS (3d3503416e614d1dadccaed5abf31257)] -> xpath: //div[@class='oxd-form-row']/div[1]/div[2]/div/div[2]]
2023-02-07 18:02:387 INFO  LoginPage :87 - click On AddminButton[[ChromeDriver: chrome on WINDOWS (036cb921a7d4885cb7bd8e0afd52ab7c)] -> xpath: //ul[@class='oxd-main-menu']/li[1]/a[1]/span]
2023-02-07 18:02:566 INFO  LoginPage :87 - click On AddminButton[[ChromeDriver: chrome on WINDOWS (04541b20effaf602d83af7aec3a6ee8f)] -> xpath: //ul[@class='oxd-main-menu']/li[1]/a[1]/span]
2023-02-07 18:02:747 INFO  LoginPage :75 - click On clickOn StatusDropDown[[ChromeDriver: chrome on WINDOWS (04541b20effaf602d83af7aec3a6ee8f)] -> xpath: //button[@class='oxd-button oxd-button--medium oxd-button--secondary orangehrm-left-space']]
2023-02-07 18:02:754 INFO  LoginPage :87 - click On AddminButton[[ChromeDriver: chrome on WINDOWS (9793f744eb203b2b55d69e5e8509343c)] -> xpath: //ul[@class='oxd-main-menu']/li[1]/a[1]/span]
2023-02-07 18:02:943 INFO  LoginPage :75 - click On clickOn StatusDropDown[[ChromeDriver: chrome on WINDOWS (9793f744eb203b2b55d69e5e8509343c)] -> xpath: //button[@class='oxd-button oxd-button--medium oxd-button--secondary orangehrm-left-space']]
2023-02-07 18:02:625 INFO  LoginPage :87 - click On AddminButton[[ChromeDriver: chrome on WINDOWS (08dec43d1f9db384a405ed1b1e6ba002)] -> xpath: //ul[@class='oxd-main-menu']/li[1]/a[1]/span]
2023-02-07 18:02:824 INFO  LoginPage :75 - click On clickOn StatusDropDown[[ChromeDriver: chrome on WINDOWS (08dec43d1f9db384a405ed1b1e6ba002)] -> xpath: //button[@class='oxd-button oxd-button--medium oxd-button--secondary orangehrm-left-space']]
2023-02-07 18:02:805 INFO  LoginPage :87 - click On AddminButton[[ChromeDriver: chrome on WINDOWS (6dab3d738542fb263b1f229d4e7f14e4)] -> xpath: //ul[@class='oxd-main-menu']/li[1]/a[1]/span]
2023-02-07 18:02:383 INFO  LoginPage :67 - click On clickOn OrangeHRMlogoProxy element for: DefaultElementLocator 'By.xpath: //div[@class='oxd-brand-banner']/img'
2023-02-07 18:02:121 INFO  LoginPage :87 - click On AddminButton[[ChromeDriver: chrome on WINDOWS (b504a099a74676bf7b1a91764fe672e0)] -> xpath: //ul[@class='oxd-main-menu']/li[1]/a[1]/span]
2023-02-07 18:02:454 INFO  LoginPage :87 - click On AddminButton[[ChromeDriver: chrome on WINDOWS (845fa3cb2e61cb34f8a414e9400a2e12)] -> xpath: //ul[@class='oxd-main-menu']/li[1]/a[1]/span]
2023-02-07 18:02:68 INFO  LoginPage :85 - click On clickOn AddButtonProxy element for: DefaultElementLocator 'By.xpath: //button[@class='oxd-button oxd-button--medium oxd-button--secondary']'
2023-02-07 18:02:233 INFO  LoginPage :43 - click On clickOnPIM[[ChromeDriver: chrome on WINDOWS (845fa3cb2e61cb34f8a414e9400a2e12)] -> xpath: //div[@class='oxd-form-row']/div[1]/div[1]/div[1]/div[2]/div[1]/div[1]/div[2]/i[1]]
2023-02-07 18:02:377 INFO  LoginPage :48 - click On EmployeeName[[ChromeDriver: chrome on WINDOWS (845fa3cb2e61cb34f8a414e9400a2e12)] -> xpath: //input[@placeholder='Type for hints...']]
2023-02-07 18:02:466 INFO  LoginPage :53 - click On Username[[ChromeDriver: chrome on WINDOWS (845fa3cb2e61cb34f8a414e9400a2e12)] -> xpath: //div[@class='orangehrm-card-container']/form/div[1]/div/div[4]]
2023-02-07 18:02:549 INFO  LoginPage :58 - click On Password[[ChromeDriver: chrome on WINDOWS (845fa3cb2e61cb34f8a414e9400a2e12)] -> xpath: //div[@class='orangehrm-card-container']/form/div[2]/div/div[1]]
2023-02-07 18:02:650 INFO  LoginPage :58 - click On Password[[ChromeDriver: chrome on WINDOWS (845fa3cb2e61cb34f8a414e9400a2e12)] -> xpath: //div[@class='orangehrm-card-container']/form/div[2]/div/div[1]]
2023-02-07 18:02:758 INFO  LoginPage :68 - click On SaveButton[[ChromeDriver: chrome on WINDOWS (845fa3cb2e61cb34f8a414e9400a2e12)] -> xpath: //div[@class='orangehrm-card-container']/form/div[3]/button[2]]
2023-02-07 18:02:538 INFO  LoginPage :87 - click On AddminButton[[ChromeDriver: chrome on WINDOWS (630e8e391486a008211652b951807998)] -> xpath: //ul[@class='oxd-main-menu']/li[1]/a[1]/span]
2023-02-07 18:02:692 INFO  LoginPage :52 - click On clickOn UsernameField[[ChromeDriver: chrome on WINDOWS (630e8e391486a008211652b951807998)] -> xpath: //div[@class='oxd-form-row']/div/div[1]]
2023-02-07 18:02:72 INFO  LoginPage :58 - click On clickOn UserRollDropDown[[ChromeDriver: chrome on WINDOWS (630e8e391486a008211652b951807998)] -> xpath: //div[@class='oxd-form-row']/div[1]/div[2]/div/div[2]]
2023-02-07 18:02:72 INFO  LoginPage :87 - click On AddminButton[[ChromeDriver: chrome on WINDOWS (3bf3d68f77c954e31ac6b5e88aafdc7f)] -> xpath: //ul[@class='oxd-main-menu']/li[1]/a[1]/span]
2023-02-07 18:02:241 INFO  LoginPage :75 - click On clickOn StatusDropDown[[ChromeDriver: chrome on WINDOWS (3bf3d68f77c954e31ac6b5e88aafdc7f)] -> xpath: //button[@class='oxd-button oxd-button--medium oxd-button--secondary orangehrm-left-space']]
